Determining if the pthread_create exist failed with the following output:
Change Dir: /home/ros1_msgs_ws/build_isolated/catkin_simple/CMakeFiles/CMakeTmp

Run Build Command:"/usr/bin/make" "cmTC_f4ee2/fast"
/usr/bin/make -f CMakeFiles/cmTC_f4ee2.dir/build.make CMakeFiles/cmTC_f4ee2.dir/build
make[1]: Entering directory '/home/ros1_msgs_ws/build_isolated/catkin_simple/CMakeFiles/CMakeTmp'
Building C object CMakeFiles/cmTC_f4ee2.dir/CheckSymbolExists.c.o
/usr/bin/cc    -o CMakeFiles/cmTC_f4ee2.dir/CheckSymbolExists.c.o   -c /home/ros1_msgs_ws/build_isolated/catkin_simple/CMakeFiles/CMakeTmp/CheckSymbolExists.c
Linking C executable cmTC_f4ee2
/usr/bin/cmake -E cmake_link_script CMakeFiles/cmTC_f4ee2.dir/link.txt --verbose=1
/usr/bin/cc      -rdynamic CMakeFiles/cmTC_f4ee2.dir/CheckSymbolExists.c.o  -o cmTC_f4ee2 
CMakeFiles/cmTC_f4ee2.dir/CheckSymbolExists.c.o: In function `main':
CheckSymbolExists.c:(.text+0x1b): undefined reference to `pthread_create'
collect2: error: ld returned 1 exit status
CMakeFiles/cmTC_f4ee2.dir/build.make:97: recipe for target 'cmTC_f4ee2' failed
make[1]: *** [cmTC_f4ee2] Error 1
make[1]: Leaving directory '/home/ros1_msgs_ws/build_isolated/catkin_simple/CMakeFiles/CMakeTmp'
Makefile:126: recipe for target 'cmTC_f4ee2/fast' failed
make: *** [cmTC_f4ee2/fast] Error 2

File /home/ros1_msgs_ws/build_isolated/catkin_simple/CMakeFiles/CMakeTmp/CheckSymbolExists.c:
/* */
#include <pthread.h>

int main(int argc, char** argv)
{
  (void)argv;
#ifndef pthread_create
  return ((int*)(&pthread_create))[argc];
#else
  (void)argc;
  return 0;
#endif
}

Determining if the function pthread_create exists in the pthreads failed with the following output:
Change Dir: /home/ros1_msgs_ws/build_isolated/catkin_simple/CMakeFiles/CMakeTmp

Run Build Command:"/usr/bin/make" "cmTC_0a970/fast"
/usr/bin/make -f CMakeFiles/cmTC_0a970.dir/build.make CMakeFiles/cmTC_0a970.dir/build
make[1]: Entering directory '/home/ros1_msgs_ws/build_isolated/catkin_simple/CMakeFiles/CMakeTmp'
Building C object CMakeFiles/cmTC_0a970.dir/CheckFunctionExists.c.o
/usr/bin/cc   -DCHECK_FUNCTION_EXISTS=pthread_create   -o CMakeFiles/cmTC_0a970.dir/CheckFunctionExists.c.o   -c /usr/share/cmake-3.10/Modules/CheckFunctionExists.c
Linking C executable cmTC_0a970
/usr/bin/cmake -E cmake_link_script CMakeFiles/cmTC_0a970.dir/link.txt --verbose=1
/usr/bin/cc  -DCHECK_FUNCTION_EXISTS=pthread_create    -rdynamic CMakeFiles/cmTC_0a970.dir/CheckFunctionExists.c.o  -o cmTC_0a970 -lpthreads 
/usr/bin/ld: cannot find -lpthreads
collect2: error: ld returned 1 exit status
CMakeFiles/cmTC_0a970.dir/build.make:97: recipe for target 'cmTC_0a970' failed
make[1]: *** [cmTC_0a970] Error 1
make[1]: Leaving directory '/home/ros1_msgs_ws/build_isolated/catkin_simple/CMakeFiles/CMakeTmp'
Makefile:126: recipe for target 'cmTC_0a970/fast' failed
make: *** [cmTC_0a970/fast] Error 2


